2024-12-13T19:48:30+00:00 CRITICAL Uncaught Error: Call to a member function get_column_count() on null in C:\xampp\htdocs\wordpress\wp-content\plugins\woocommerce\src\Packages.php:260
Stack trace:
#0 C:\xampp\htdocs\wordpress\wp-includes\class-wp-hook.php(326): Automattic\WooCommerce\Packages::display_notice_for_merged_plugins('user-registrati...')
#1 C:\xampp\htdocs\wordpress\wp-includes\class-wp-hook.php(348): WP_Hook->apply_filters('', Array)
#2 C:\xampp\htdocs\wordpress\wp-includes\plugin.php(517): WP_Hook->do_action(Array)
#3 C:\xampp\htdocs\wordpress\wp-admin\includes\class-wp-plugins-list-table.php(1491): do_action('after_plugin_ro...', 'user-registrati...', Array, 'search')
#4 C:\xampp\htdocs\wordpress\wp-admin\includes\class-wp-plugins-list-table.php(711): WP_Plugins_List_Table->single_row(Array)
#5 C:\xampp\htdocs\wordpress\wp-admin\includes\class-wp-list-table.php(1712): WP_Plugins_List_Table->display_rows()
#6 C:\xampp\htdocs\wordpress\wp-admin\includes\class-wp-list-table.php(1639): WP_List_Table->display_rows_or_placeholder()
#7 C:\xampp\htdocs\wordpress\wp-admin\includes\ajax-actions.php(4834): WP_List_Table->display()
#8 C:\xampp\htdocs\wordpress\wp-includes\class-wp-hook.php(324): wp_ajax_search_plugins('')
#9 C:\xampp\htdocs\wordpress\wp-includes\class-wp-hook.php(348): WP_Hook->apply_filters('', Array)
#10 C:\xampp\htdocs\wordpress\wp-includes\plugin.php(517): WP_Hook->do_action(Array)
#11 C:\xampp\htdocs\wordpress\wp-admin\admin-ajax.php(192): do_action('wp_ajax_search-...')
#12 {main}
  thrown in C:\xampp\htdocs\wordpress\wp-content\plugins\woocommerce\src\Packages.php on line 260

2024-12-13T19:49:22+00:00 CRITICAL Uncaught Error: Call to a member function get_column_count() on null in C:\xampp\htdocs\wordpress\wp-content\plugins\woocommerce\src\Packages.php:260
Stack trace:
#0 C:\xampp\htdocs\wordpress\wp-includes\class-wp-hook.php(326): Automattic\WooCommerce\Packages::display_notice_for_merged_plugins('akismet/akismet...')
#1 C:\xampp\htdocs\wordpress\wp-includes\class-wp-hook.php(348): WP_Hook->apply_filters('', Array)
#2 C:\xampp\htdocs\wordpress\wp-includes\plugin.php(517): WP_Hook->do_action(Array)
#3 C:\xampp\htdocs\wordpress\wp-admin\includes\class-wp-plugins-list-table.php(1491): do_action('after_plugin_ro...', 'akismet/akismet...', Array, 'all')
#4 C:\xampp\htdocs\wordpress\wp-admin\includes\class-wp-plugins-list-table.php(711): WP_Plugins_List_Table->single_row(Array)
#5 C:\xampp\htdocs\wordpress\wp-admin\includes\class-wp-list-table.php(1712): WP_Plugins_List_Table->display_rows()
#6 C:\xampp\htdocs\wordpress\wp-admin\includes\class-wp-list-table.php(1639): WP_List_Table->display_rows_or_placeholder()
#7 C:\xampp\htdocs\wordpress\wp-admin\includes\ajax-actions.php(4834): WP_List_Table->display()
#8 C:\xampp\htdocs\wordpress\wp-includes\class-wp-hook.php(324): wp_ajax_search_plugins('')
#9 C:\xampp\htdocs\wordpress\wp-includes\class-wp-hook.php(348): WP_Hook->apply_filters('', Array)
#10 C:\xampp\htdocs\wordpress\wp-includes\plugin.php(517): WP_Hook->do_action(Array)
#11 C:\xampp\htdocs\wordpress\wp-admin\admin-ajax.php(192): do_action('wp_ajax_search-...')
#12 {main}
  thrown in C:\xampp\htdocs\wordpress\wp-content\plugins\woocommerce\src\Packages.php on line 260

